[0.334s] DEBUG:colcon:Command line arguments: ['/usr/bin/colcon', 'build', '--packages-select', 'py_pubsub']
[0.334s] DEBUG:colcon:Parsed command line arguments: Namespace(ament_cmake_args=None, base_paths=['.'], build_base='build', catkin_cmake_args=None, catkin_skip_building_tests=False, cmake_args=None, cmake_clean_cache=False, cmake_clean_first=False, cmake_force_configure=False, cmake_target=None, cmake_target_skip_unavailable=False, continue_on_error=False, event_handlers=None, executor='parallel', ignore_user_meta=False, install_base='install', log_base=None, log_level=None, main=<bound method BuildVerb.main of <colcon_core.verb.build.BuildVerb object at 0x7f5ce4d1c730>>, merge_install=False, metas=['./colcon.meta'], packages_above=None, packages_above_and_dependencies=None, packages_above_depth=None, packages_end=None, packages_ignore=None, packages_ignore_regex=None, packages_select=['py_pubsub'], packages_select_build_failed=False, packages_select_by_dep=None, packages_select_regex=None, packages_select_test_failures=False, packages_skip=None, packages_skip_build_finished=False, packages_skip_by_dep=None, packages_skip_regex=None, packages_skip_test_passed=False, packages_skip_up_to=None, packages_start=None, packages_up_to=None, packages_up_to_regex=None, parallel_workers=4, paths=None, symlink_install=False, test_result_base=None, verb_extension=<colcon_core.verb.build.BuildVerb object at 0x7f5ce4d1c730>, verb_name='build', verb_parser=<colcon_defaults.argument_parser.defaults.DefaultArgumentsDecorator object at 0x7f5ce4d1cc70>)
[0.341s] Level 1:colcon.colcon_core.package_discovery:discover_packages(colcon_meta) check parameters
[0.341s] Level 1:colcon.colcon_core.package_discovery:discover_packages(recursive) check parameters
[0.341s] Level 1:colcon.colcon_core.package_discovery:discover_packages(ignore) check parameters
[0.341s] Level 1:colcon.colcon_core.package_discovery:discover_packages(path) check parameters
[0.341s] Level 1:colcon.colcon_core.package_discovery:discover_packages(colcon_meta) discover
[0.341s] Level 1:colcon.colcon_core.package_discovery:discover_packages(recursive) discover
[0.341s] INFO:colcon.colcon_core.package_discovery:Crawling recursively for packages in '/home/liheng/Desktop/RoboSub'
[0.342s] Level 1:colcon.colcon_core.package_identification:_identify(.) by extensions ['ignore', 'ignore_ament_install']
[0.342s] Level 1:colcon.colcon_core.package_identification:_identify(.) by extension 'ignore'
[0.342s] Level 1:colcon.colcon_core.package_identification:_identify(.) by extension 'ignore_ament_install'
[0.342s] Level 1:colcon.colcon_core.package_identification:_identify(.) by extensions ['colcon_pkg']
[0.342s] Level 1:colcon.colcon_core.package_identification:_identify(.) by extension 'colcon_pkg'
[0.342s] Level 1:colcon.colcon_core.package_identification:_identify(.) by extensions ['colcon_meta']
[0.342s] Level 1:colcon.colcon_core.package_identification:_identify(.) by extension 'colcon_meta'
[0.342s] Level 1:colcon.colcon_core.package_identification:_identify(.) by extensions ['ros']
[0.342s] Level 1:colcon.colcon_core.package_identification:_identify(.) by extension 'ros'
[0.355s] Level 1:colcon.colcon_core.package_identification:_identify(.) by extensions ['cmake', 'python']
[0.356s] Level 1:colcon.colcon_core.package_identification:_identify(.) by extension 'cmake'
[0.356s] Level 1:colcon.colcon_core.package_identification:_identify(.) by extension 'python'
[0.356s] Level 1:colcon.colcon_core.package_identification:_identify(.) by extensions ['python_setup_py']
[0.356s] Level 1:colcon.colcon_core.package_identification:_identify(.) by extension 'python_setup_py'
[0.356s] Level 1:colcon.colcon_core.package_identification:_identify(build) by extensions ['ignore', 'ignore_ament_install']
[0.356s] Level 1:colcon.colcon_core.package_identification:_identify(build) by extension 'ignore'
[0.356s] Level 1:colcon.colcon_core.package_identification:_identify(build) ignored
[0.356s] Level 1:colcon.colcon_core.package_identification:_identify(dev_ws) by extensions ['ignore', 'ignore_ament_install']
[0.356s] Level 1:colcon.colcon_core.package_identification:_identify(dev_ws) by extension 'ignore'
[0.357s] Level 1:colcon.colcon_core.package_identification:_identify(dev_ws) by extension 'ignore_ament_install'
[0.357s] Level 1:colcon.colcon_core.package_identification:_identify(dev_ws) by extensions ['colcon_pkg']
[0.357s] Level 1:colcon.colcon_core.package_identification:_identify(dev_ws) by extension 'colcon_pkg'
[0.357s] Level 1:colcon.colcon_core.package_identification:_identify(dev_ws) by extensions ['colcon_meta']
[0.357s] Level 1:colcon.colcon_core.package_identification:_identify(dev_ws) by extension 'colcon_meta'
[0.357s] Level 1:colcon.colcon_core.package_identification:_identify(dev_ws) by extensions ['ros']
[0.357s] Level 1:colcon.colcon_core.package_identification:_identify(dev_ws) by extension 'ros'
[0.357s] Level 1:colcon.colcon_core.package_identification:_identify(dev_ws) by extensions ['cmake', 'python']
[0.357s] Level 1:colcon.colcon_core.package_identification:_identify(dev_ws) by extension 'cmake'
[0.357s] Level 1:colcon.colcon_core.package_identification:_identify(dev_ws) by extension 'python'
[0.357s] Level 1:colcon.colcon_core.package_identification:_identify(dev_ws) by extensions ['python_setup_py']
[0.357s] Level 1:colcon.colcon_core.package_identification:_identify(dev_ws) by extension 'python_setup_py'
[0.357s] Level 1:colcon.colcon_core.package_identification:_identify(dev_ws/build) by extensions ['ignore', 'ignore_ament_install']
[0.357s] Level 1:colcon.colcon_core.package_identification:_identify(dev_ws/build) by extension 'ignore'
[0.357s] Level 1:colcon.colcon_core.package_identification:_identify(dev_ws/build) ignored
[0.357s] Level 1:colcon.colcon_core.package_identification:_identify(dev_ws/install) by extensions ['ignore', 'ignore_ament_install']
[0.358s] Level 1:colcon.colcon_core.package_identification:_identify(dev_ws/install) by extension 'ignore'
[0.358s] Level 1:colcon.colcon_core.package_identification:_identify(dev_ws/install) ignored
[0.358s] Level 1:colcon.colcon_core.package_identification:_identify(dev_ws/log) by extensions ['ignore', 'ignore_ament_install']
[0.358s] Level 1:colcon.colcon_core.package_identification:_identify(dev_ws/log) by extension 'ignore'
[0.358s] Level 1:colcon.colcon_core.package_identification:_identify(dev_ws/log) ignored
[0.358s] Level 1:colcon.colcon_core.package_identification:_identify(dev_ws/src) by extensions ['ignore', 'ignore_ament_install']
[0.358s] Level 1:colcon.colcon_core.package_identification:_identify(dev_ws/src) by extension 'ignore'
[0.358s] Level 1:colcon.colcon_core.package_identification:_identify(dev_ws/src) by extension 'ignore_ament_install'
[0.358s] Level 1:colcon.colcon_core.package_identification:_identify(dev_ws/src) by extensions ['colcon_pkg']
[0.358s] Level 1:colcon.colcon_core.package_identification:_identify(dev_ws/src) by extension 'colcon_pkg'
[0.358s] Level 1:colcon.colcon_core.package_identification:_identify(dev_ws/src) by extensions ['colcon_meta']
[0.358s] Level 1:colcon.colcon_core.package_identification:_identify(dev_ws/src) by extension 'colcon_meta'
[0.358s] Level 1:colcon.colcon_core.package_identification:_identify(dev_ws/src) by extensions ['ros']
[0.358s] Level 1:colcon.colcon_core.package_identification:_identify(dev_ws/src) by extension 'ros'
[0.358s] Level 1:colcon.colcon_core.package_identification:_identify(dev_ws/src) by extensions ['cmake', 'python']
[0.358s] Level 1:colcon.colcon_core.package_identification:_identify(dev_ws/src) by extension 'cmake'
[0.358s] Level 1:colcon.colcon_core.package_identification:_identify(dev_ws/src) by extension 'python'
[0.359s] Level 1:colcon.colcon_core.package_identification:_identify(dev_ws/src) by extensions ['python_setup_py']
[0.359s] Level 1:colcon.colcon_core.package_identification:_identify(dev_ws/src) by extension 'python_setup_py'
[0.359s] Level 1:colcon.colcon_core.package_identification:_identify(dev_ws/src/py_pubsub) by extensions ['ignore', 'ignore_ament_install']
[0.359s] Level 1:colcon.colcon_core.package_identification:_identify(dev_ws/src/py_pubsub) by extension 'ignore'
[0.359s] Level 1:colcon.colcon_core.package_identification:_identify(dev_ws/src/py_pubsub) by extension 'ignore_ament_install'
[0.359s] Level 1:colcon.colcon_core.package_identification:_identify(dev_ws/src/py_pubsub) by extensions ['colcon_pkg']
[0.359s] Level 1:colcon.colcon_core.package_identification:_identify(dev_ws/src/py_pubsub) by extension 'colcon_pkg'
[0.359s] Level 1:colcon.colcon_core.package_identification:_identify(dev_ws/src/py_pubsub) by extensions ['colcon_meta']
[0.359s] Level 1:colcon.colcon_core.package_identification:_identify(dev_ws/src/py_pubsub) by extension 'colcon_meta'
[0.359s] Level 1:colcon.colcon_core.package_identification:_identify(dev_ws/src/py_pubsub) by extensions ['ros']
[0.359s] Level 1:colcon.colcon_core.package_identification:_identify(dev_ws/src/py_pubsub) by extension 'ros'
[0.361s] DEBUG:colcon.colcon_core.package_identification:Package 'dev_ws/src/py_pubsub' with type 'ros.ament_python' and name 'py_pubsub'
[0.362s] Level 1:colcon.colcon_core.package_identification:_identify(install) by extensions ['ignore', 'ignore_ament_install']
[0.362s] Level 1:colcon.colcon_core.package_identification:_identify(install) by extension 'ignore'
[0.362s] Level 1:colcon.colcon_core.package_identification:_identify(install) ignored
[0.362s] Level 1:colcon.colcon_core.package_identification:_identify(log) by extensions ['ignore', 'ignore_ament_install']
[0.362s] Level 1:colcon.colcon_core.package_identification:_identify(log) by extension 'ignore'
[0.362s] Level 1:colcon.colcon_core.package_identification:_identify(log) ignored
[0.362s] Level 1:colcon.colcon_core.package_discovery:discover_packages(recursive) using defaults
[0.362s] Level 1:colcon.colcon_core.package_discovery:discover_packages(ignore) discover
[0.362s] Level 1:colcon.colcon_core.package_discovery:discover_packages(ignore) using defaults
[0.362s] Level 1:colcon.colcon_core.package_discovery:discover_packages(path) discover
[0.362s] Level 1:colcon.colcon_core.package_discovery:discover_packages(path) using defaults
[0.384s] Level 5:colcon.colcon_core.verb:set package 'py_pubsub' build argument 'cmake_args' from command line to 'None'
[0.384s] Level 5:colcon.colcon_core.verb:set package 'py_pubsub' build argument 'cmake_target' from command line to 'None'
[0.384s] Level 5:colcon.colcon_core.verb:set package 'py_pubsub' build argument 'cmake_target_skip_unavailable' from command line to 'False'
[0.384s] Level 5:colcon.colcon_core.verb:set package 'py_pubsub' build argument 'cmake_clean_cache' from command line to 'False'
[0.384s] Level 5:colcon.colcon_core.verb:set package 'py_pubsub' build argument 'cmake_clean_first' from command line to 'False'
[0.384s] Level 5:colcon.colcon_core.verb:set package 'py_pubsub' build argument 'cmake_force_configure' from command line to 'False'
[0.384s] Level 5:colcon.colcon_core.verb:set package 'py_pubsub' build argument 'ament_cmake_args' from command line to 'None'
[0.384s] Level 5:colcon.colcon_core.verb:set package 'py_pubsub' build argument 'catkin_cmake_args' from command line to 'None'
[0.384s] Level 5:colcon.colcon_core.verb:set package 'py_pubsub' build argument 'catkin_skip_building_tests' from command line to 'False'
[0.384s] DEBUG:colcon.colcon_core.verb:Building package 'py_pubsub' with the following arguments: {'ament_cmake_args': None, 'build_base': '/home/liheng/Desktop/RoboSub/build/py_pubsub', 'catkin_cmake_args': None, 'catkin_skip_building_tests': False, 'cmake_args': None, 'cmake_clean_cache': False, 'cmake_clean_first': False, 'cmake_force_configure': False, 'cmake_target': None, 'cmake_target_skip_unavailable': False, 'install_base': '/home/liheng/Desktop/RoboSub/install/py_pubsub', 'merge_install': False, 'path': '/home/liheng/Desktop/RoboSub/dev_ws/src/py_pubsub', 'symlink_install': False, 'test_result_base': None}
[0.384s] INFO:colcon.colcon_core.executor:Executing jobs using 'parallel' executor
[0.387s] DEBUG:colcon.colcon_parallel_executor.executor.parallel:run_until_complete
[0.388s] INFO:colcon.colcon_ros.task.ament_python.build:Building ROS package in '/home/liheng/Desktop/RoboSub/dev_ws/src/py_pubsub' with build type 'ament_python'
[0.388s] Level 1:colcon.colcon_core.shell:create_environment_hook('py_pubsub', 'ament_prefix_path')
[0.392s] INFO:colcon.colcon_core.plugin_system:Skipping extension 'colcon_core.shell.bat': Not used on non-Windows systems
[0.392s] INFO:colcon.colcon_core.shell:Creating environment hook '/home/liheng/Desktop/RoboSub/install/py_pubsub/share/py_pubsub/hook/ament_prefix_path.ps1'
[0.392s] INFO:colcon.colcon_core.shell:Creating environment descriptor '/home/liheng/Desktop/RoboSub/install/py_pubsub/share/py_pubsub/hook/ament_prefix_path.dsv'
[0.393s] INFO:colcon.colcon_core.shell:Creating environment hook '/home/liheng/Desktop/RoboSub/install/py_pubsub/share/py_pubsub/hook/ament_prefix_path.sh'
[0.394s] INFO:colcon.colcon_core.shell:Skip shell extension 'powershell' for command environment: Not usable outside of PowerShell
[0.394s] DEBUG:colcon.colcon_core.shell:Skip shell extension 'dsv' for command environment
[0.399s] DEBUG:colcon.colcon_core.shell:Ignoring prefix path '/opt/ros/foxy'
[0.679s] INFO:colcon.colcon_core.task.python.build:Building Python package in '/home/liheng/Desktop/RoboSub/dev_ws/src/py_pubsub'
[0.681s] INFO:colcon.colcon_core.shell:Skip shell extension 'powershell' for command environment: Not usable outside of PowerShell
[0.681s] DEBUG:colcon.colcon_core.shell:Skip shell extension 'dsv' for command environment
[0.684s] DEBUG:colcon.colcon_core.shell:Ignoring prefix path '/opt/ros/foxy'
[0.698s] DEBUG:colcon.colcon_core.event_handler.log_command:Invoking command in '/home/liheng/Desktop/RoboSub/dev_ws/src/py_pubsub': PYTHONPATH=/home/liheng/Desktop/RoboSub/install/py_pubsub/lib/python3.8/site-packages:${PYTHONPATH} /usr/bin/python3 setup.py egg_info --egg-base ../../../build/py_pubsub build --build-base /home/liheng/Desktop/RoboSub/build/py_pubsub/build install --prefix /home/liheng/Desktop/RoboSub/install/py_pubsub --record /home/liheng/Desktop/RoboSub/build/py_pubsub/install.log --single-version-externally-managed
[1.064s] DEBUG:colcon.colcon_core.event_handler.log_command:Invoked command in '/home/liheng/Desktop/RoboSub/dev_ws/src/py_pubsub' returned '0': PYTHONPATH=/home/liheng/Desktop/RoboSub/install/py_pubsub/lib/python3.8/site-packages:${PYTHONPATH} /usr/bin/python3 setup.py egg_info --egg-base ../../../build/py_pubsub build --build-base /home/liheng/Desktop/RoboSub/build/py_pubsub/build install --prefix /home/liheng/Desktop/RoboSub/install/py_pubsub --record /home/liheng/Desktop/RoboSub/build/py_pubsub/install.log --single-version-externally-managed
[1.068s] Level 1:colcon.colcon_core.environment:checking '/home/liheng/Desktop/RoboSub/install/py_pubsub' for CMake module files
[1.068s] Level 1:colcon.colcon_core.environment:checking '/home/liheng/Desktop/RoboSub/install/py_pubsub' for CMake config files
[1.069s] Level 1:colcon.colcon_core.environment:checking '/home/liheng/Desktop/RoboSub/install/py_pubsub/lib'
[1.069s] Level 1:colcon.colcon_core.environment:checking '/home/liheng/Desktop/RoboSub/install/py_pubsub/bin'
[1.069s] Level 1:colcon.colcon_core.environment:checking '/home/liheng/Desktop/RoboSub/install/py_pubsub/lib/pkgconfig/py_pubsub.pc'
[1.069s] Level 1:colcon.colcon_core.environment:checking '/home/liheng/Desktop/RoboSub/install/py_pubsub/lib/python3.8/site-packages'
[1.069s] Level 1:colcon.colcon_core.shell:create_environment_hook('py_pubsub', 'pythonpath')
[1.070s] INFO:colcon.colcon_core.shell:Creating environment hook '/home/liheng/Desktop/RoboSub/install/py_pubsub/share/py_pubsub/hook/pythonpath.ps1'
[1.071s] INFO:colcon.colcon_core.shell:Creating environment descriptor '/home/liheng/Desktop/RoboSub/install/py_pubsub/share/py_pubsub/hook/pythonpath.dsv'
[1.072s] INFO:colcon.colcon_core.shell:Creating environment hook '/home/liheng/Desktop/RoboSub/install/py_pubsub/share/py_pubsub/hook/pythonpath.sh'
[1.073s] Level 1:colcon.colcon_core.environment:create_environment_scripts_only(py_pubsub)
[1.074s] INFO:colcon.colcon_core.shell:Creating package script '/home/liheng/Desktop/RoboSub/install/py_pubsub/share/py_pubsub/package.ps1'
[1.078s] INFO:colcon.colcon_core.shell:Creating package descriptor '/home/liheng/Desktop/RoboSub/install/py_pubsub/share/py_pubsub/package.dsv'
[1.081s] INFO:colcon.colcon_core.shell:Creating package script '/home/liheng/Desktop/RoboSub/install/py_pubsub/share/py_pubsub/package.sh'
[1.083s] INFO:colcon.colcon_core.shell:Creating package script '/home/liheng/Desktop/RoboSub/install/py_pubsub/share/py_pubsub/package.bash'
[1.084s] INFO:colcon.colcon_core.shell:Creating package script '/home/liheng/Desktop/RoboSub/install/py_pubsub/share/py_pubsub/package.zsh'
[1.085s] Level 1:colcon.colcon_core.environment:create_file_with_runtime_dependencies(/home/liheng/Desktop/RoboSub/install/py_pubsub/share/colcon-core/packages/py_pubsub)
[1.085s] DEBUG:colcon.colcon_parallel_executor.executor.parallel:closing loop
[1.086s] DEBUG:colcon.colcon_parallel_executor.executor.parallel:loop closed
[1.086s] DEBUG:colcon.colcon_parallel_executor.executor.parallel:run_until_complete finished with '0'
[1.086s] DEBUG:colcon.colcon_core.event_reactor:joining thread
[1.095s] INFO:colcon.colcon_core.plugin_system:Skipping extension 'colcon_notification.desktop_notification.terminal_notifier': Not used on non-Darwin systems
[1.095s] INFO:colcon.colcon_core.plugin_system:Skipping extension 'colcon_notification.desktop_notification.win32': Not used on non-Windows systems
[1.095s] INFO:colcon.colcon_notification.desktop_notification:Sending desktop notification using 'notify2'
[1.124s] DEBUG:colcon.colcon_core.event_reactor:joined thread
[1.125s] INFO:colcon.colcon_core.shell:Creating prefix script '/home/liheng/Desktop/RoboSub/install/local_setup.ps1'
[1.127s] INFO:colcon.colcon_core.shell:Creating prefix util module '/home/liheng/Desktop/RoboSub/install/_local_setup_util_ps1.py'
[1.128s] INFO:colcon.colcon_core.shell:Creating prefix chain script '/home/liheng/Desktop/RoboSub/install/setup.ps1'
[1.133s] INFO:colcon.colcon_core.shell:Creating prefix script '/home/liheng/Desktop/RoboSub/install/local_setup.sh'
[1.134s] INFO:colcon.colcon_core.shell:Creating prefix util module '/home/liheng/Desktop/RoboSub/install/_local_setup_util_sh.py'
[1.135s] INFO:colcon.colcon_core.shell:Creating prefix chain script '/home/liheng/Desktop/RoboSub/install/setup.sh'
[1.139s] INFO:colcon.colcon_core.shell:Creating prefix script '/home/liheng/Desktop/RoboSub/install/local_setup.bash'
[1.139s] INFO:colcon.colcon_core.shell:Creating prefix chain script '/home/liheng/Desktop/RoboSub/install/setup.bash'
[1.143s] INFO:colcon.colcon_core.shell:Creating prefix script '/home/liheng/Desktop/RoboSub/install/local_setup.zsh'
[1.145s] INFO:colcon.colcon_core.shell:Creating prefix chain script '/home/liheng/Desktop/RoboSub/install/setup.zsh'
