[0.260s] Invoking command in '/home/liheng/Desktop/RoboSub/ROS_Demo/dev_ws/src/py_pubsub': PYTHONPATH=/home/liheng/Desktop/RoboSub/ROS_Demo/install/py_pubsub/lib/python3.8/site-packages:${PYTHONPATH} /usr/bin/python3 setup.py egg_info --egg-base ../../../build/py_pubsub build --build-base /home/liheng/Desktop/RoboSub/ROS_Demo/build/py_pubsub/build install --prefix /home/liheng/Desktop/RoboSub/ROS_Demo/install/py_pubsub --record /home/liheng/Desktop/RoboSub/ROS_Demo/build/py_pubsub/install.log --single-version-externally-managed
[0.473s] running egg_info
[0.474s] writing ../../../build/py_pubsub/py_pubsub.egg-info/PKG-INFO
[0.474s] writing dependency_links to ../../../build/py_pubsub/py_pubsub.egg-info/dependency_links.txt
[0.475s] writing entry points to ../../../build/py_pubsub/py_pubsub.egg-info/entry_points.txt
[0.475s] writing requirements to ../../../build/py_pubsub/py_pubsub.egg-info/requires.txt
[0.475s] writing top-level names to ../../../build/py_pubsub/py_pubsub.egg-info/top_level.txt
[0.512s] reading manifest file '../../../build/py_pubsub/py_pubsub.egg-info/SOURCES.txt'
[0.513s] writing manifest file '../../../build/py_pubsub/py_pubsub.egg-info/SOURCES.txt'
[0.513s] running build
[0.513s] running build_py
[0.513s] copying py_pubsub/publisher_member_function.py -> /home/liheng/Desktop/RoboSub/ROS_Demo/build/py_pubsub/build/lib/py_pubsub
[0.514s] running install
[0.514s] running install_lib
[0.515s] copying /home/liheng/Desktop/RoboSub/ROS_Demo/build/py_pubsub/build/lib/py_pubsub/publisher_member_function.py -> /home/liheng/Desktop/RoboSub/ROS_Demo/install/py_pubsub/lib/python3.8/site-packages/py_pubsub
[0.516s] byte-compiling /home/liheng/Desktop/RoboSub/ROS_Demo/install/py_pubsub/lib/python3.8/site-packages/py_pubsub/publisher_member_function.py to publisher_member_function.cpython-38.pyc
[0.517s] running install_data
[0.518s] running install_egg_info
[0.519s] removing '/home/liheng/Desktop/RoboSub/ROS_Demo/install/py_pubsub/lib/python3.8/site-packages/py_pubsub-0.0.0-py3.8.egg-info' (and everything under it)
[0.520s] Copying ../../../build/py_pubsub/py_pubsub.egg-info to /home/liheng/Desktop/RoboSub/ROS_Demo/install/py_pubsub/lib/python3.8/site-packages/py_pubsub-0.0.0-py3.8.egg-info
[0.521s] running install_scripts
[0.538s] Installing listener script to /home/liheng/Desktop/RoboSub/ROS_Demo/install/py_pubsub/lib/py_pubsub
[0.538s] Installing talker script to /home/liheng/Desktop/RoboSub/ROS_Demo/install/py_pubsub/lib/py_pubsub
[0.539s] writing list of installed files to '/home/liheng/Desktop/RoboSub/ROS_Demo/build/py_pubsub/install.log'
[0.568s] Invoked command in '/home/liheng/Desktop/RoboSub/ROS_Demo/dev_ws/src/py_pubsub' returned '0': PYTHONPATH=/home/liheng/Desktop/RoboSub/ROS_Demo/install/py_pubsub/lib/python3.8/site-packages:${PYTHONPATH} /usr/bin/python3 setup.py egg_info --egg-base ../../../build/py_pubsub build --build-base /home/liheng/Desktop/RoboSub/ROS_Demo/build/py_pubsub/build install --prefix /home/liheng/Desktop/RoboSub/ROS_Demo/install/py_pubsub --record /home/liheng/Desktop/RoboSub/ROS_Demo/build/py_pubsub/install.log --single-version-externally-managed
