[0.299s] Invoking command in '/home/liheng/Desktop/RoboSub/dev_ws/src/py_pubsub': PYTHONPATH=/home/liheng/Desktop/RoboSub/install/py_pubsub/lib/python3.8/site-packages:${PYTHONPATH} /usr/bin/python3 setup.py egg_info --egg-base ../../../build/py_pubsub build --build-base /home/liheng/Desktop/RoboSub/build/py_pubsub/build install --prefix /home/liheng/Desktop/RoboSub/install/py_pubsub --record /home/liheng/Desktop/RoboSub/build/py_pubsub/install.log --single-version-externally-managed
[0.570s] running egg_info
[0.570s] creating ../../../build/py_pubsub/py_pubsub.egg-info
[0.571s] writing ../../../build/py_pubsub/py_pubsub.egg-info/PKG-INFO
[0.571s] writing dependency_links to ../../../build/py_pubsub/py_pubsub.egg-info/dependency_links.txt
[0.571s] writing entry points to ../../../build/py_pubsub/py_pubsub.egg-info/entry_points.txt
[0.571s] writing requirements to ../../../build/py_pubsub/py_pubsub.egg-info/requires.txt
[0.572s] writing top-level names to ../../../build/py_pubsub/py_pubsub.egg-info/top_level.txt
[0.578s] writing manifest file '../../../build/py_pubsub/py_pubsub.egg-info/SOURCES.txt'
[0.657s] reading manifest file '../../../build/py_pubsub/py_pubsub.egg-info/SOURCES.txt'
[0.658s] writing manifest file '../../../build/py_pubsub/py_pubsub.egg-info/SOURCES.txt'
[0.658s] running build
[0.658s] running build_py
[0.659s] creating /home/liheng/Desktop/RoboSub/build/py_pubsub/build
[0.659s] creating /home/liheng/Desktop/RoboSub/build/py_pubsub/build/lib
[0.659s] creating /home/liheng/Desktop/RoboSub/build/py_pubsub/build/lib/py_pubsub
[0.659s] copying py_pubsub/__init__.py -> /home/liheng/Desktop/RoboSub/build/py_pubsub/build/lib/py_pubsub
[0.659s] copying py_pubsub/subscriber_member_function.py -> /home/liheng/Desktop/RoboSub/build/py_pubsub/build/lib/py_pubsub
[0.659s] copying py_pubsub/publisher_member_function.py -> /home/liheng/Desktop/RoboSub/build/py_pubsub/build/lib/py_pubsub
[0.659s] running install
[0.660s] running install_lib
[0.662s] creating /home/liheng/Desktop/RoboSub/install/py_pubsub/lib/python3.8/site-packages/py_pubsub
[0.663s] copying /home/liheng/Desktop/RoboSub/build/py_pubsub/build/lib/py_pubsub/__init__.py -> /home/liheng/Desktop/RoboSub/install/py_pubsub/lib/python3.8/site-packages/py_pubsub
[0.663s] copying /home/liheng/Desktop/RoboSub/build/py_pubsub/build/lib/py_pubsub/subscriber_member_function.py -> /home/liheng/Desktop/RoboSub/install/py_pubsub/lib/python3.8/site-packages/py_pubsub
[0.663s] copying /home/liheng/Desktop/RoboSub/build/py_pubsub/build/lib/py_pubsub/publisher_member_function.py -> /home/liheng/Desktop/RoboSub/install/py_pubsub/lib/python3.8/site-packages/py_pubsub
[0.663s] byte-compiling /home/liheng/Desktop/RoboSub/install/py_pubsub/lib/python3.8/site-packages/py_pubsub/__init__.py to __init__.cpython-38.pyc
[0.664s] byte-compiling /home/liheng/Desktop/RoboSub/install/py_pubsub/lib/python3.8/site-packages/py_pubsub/subscriber_member_function.py to subscriber_member_function.cpython-38.pyc
[0.664s] byte-compiling /home/liheng/Desktop/RoboSub/install/py_pubsub/lib/python3.8/site-packages/py_pubsub/publisher_member_function.py to publisher_member_function.cpython-38.pyc
[0.665s] running install_data
[0.666s] creating /home/liheng/Desktop/RoboSub/install/py_pubsub/share/ament_index
[0.666s] creating /home/liheng/Desktop/RoboSub/install/py_pubsub/share/ament_index/resource_index
[0.666s] creating /home/liheng/Desktop/RoboSub/install/py_pubsub/share/ament_index/resource_index/packages
[0.666s] copying resource/py_pubsub -> /home/liheng/Desktop/RoboSub/install/py_pubsub/share/ament_index/resource_index/packages
[0.667s] copying package.xml -> /home/liheng/Desktop/RoboSub/install/py_pubsub/share/py_pubsub
[0.667s] running install_egg_info
[0.670s] Copying ../../../build/py_pubsub/py_pubsub.egg-info to /home/liheng/Desktop/RoboSub/install/py_pubsub/lib/python3.8/site-packages/py_pubsub-0.0.0-py3.8.egg-info
[0.671s] running install_scripts
[0.705s] Installing listener script to /home/liheng/Desktop/RoboSub/install/py_pubsub/lib/py_pubsub
[0.705s] Installing talker script to /home/liheng/Desktop/RoboSub/install/py_pubsub/lib/py_pubsub
[0.706s] writing list of installed files to '/home/liheng/Desktop/RoboSub/build/py_pubsub/install.log'
[0.748s] Invoked command in '/home/liheng/Desktop/RoboSub/dev_ws/src/py_pubsub' returned '0': PYTHONPATH=/home/liheng/Desktop/RoboSub/install/py_pubsub/lib/python3.8/site-packages:${PYTHONPATH} /usr/bin/python3 setup.py egg_info --egg-base ../../../build/py_pubsub build --build-base /home/liheng/Desktop/RoboSub/build/py_pubsub/build install --prefix /home/liheng/Desktop/RoboSub/install/py_pubsub --record /home/liheng/Desktop/RoboSub/build/py_pubsub/install.log --single-version-externally-managed
